Lmod has detected the following error: Swap failed: "python3/intel/3.6.3" is
not loaded.

/opt/slurm/data/slurmd/job1037942/slurm_script: line 18: activate: No such file or directory

Jupyter server is running on: gpu-43
Job starts at: Sat May  4 15:46:24 EDT 2019

Step 1 :

If you are working in NYU campus, please open an iTerm window, run command

ssh -L 6085:localhost:6085 tx506@prince.hpc.nyu.edu

If you are working off campus, you should already have ssh tunneling setup through HPC bastion host, 
that you can directly login to prince with command

ssh tx506@prince

Please open an iTerm window, run command

ssh -L 6085:localhost:6085 tx506@prince

Step 2:

Keep the iTerm windows in the previouse step open. Now open browser, find the line with

The Jupyter Notebook is running at: gpu-43

the URL is something: http://localhost:6085/?token=XXXXXXXX (see your token below)

you should be able to connect to jupyter notebook running remotly on prince compute node with above url

[I 15:46:25.181 NotebookApp] Writing notebook server cookie secret to /state/partition1/job-1037942/jupyter/notebook_cookie_secret
[I 15:46:26.188 NotebookApp] Serving notebooks from local directory: /scratch/tx506/MTBI
[I 15:46:26.188 NotebookApp] The Jupyter Notebook is running at:
[I 15:46:26.188 NotebookApp] http://localhost:6085/?token=976392b0cb5b1501bf655e3d93d6b77b7930647b8c67d825
[I 15:46:26.188 NotebookApp] Use Control-C to stop this server and shut down all kernels (twice to skip confirmation).
[C 15:46:26.192 NotebookApp] 
    
    To access the notebook, open this file in a browser:
        file:///state/partition1/job-1037942/jupyter/nbserver-78803-open.html
    Or copy and paste one of these URLs:
        http://localhost:6085/?token=976392b0cb5b1501bf655e3d93d6b77b7930647b8c67d825
[I 15:51:42.214 NotebookApp] 302 GET /?token=976392b0cb5b1501bf655e3d93d6b77b7930647b8c67d825 (::1) 0.85ms
[W 15:51:48.864 NotebookApp] Notebook 04- ResNet 3D sub.ipynb is not trusted
[I 15:51:49.282 NotebookApp] Kernel started: 86089eeb-1616-4a7c-aa5a-19e8469bfed6
[I 15:51:50.954 NotebookApp] Adapting to protocol v5.1 for kernel 86089eeb-1616-4a7c-aa5a-19e8469bfed6
slurmstepd: error: *** JOB 1037942 ON gpu-43 CANCELLED AT 2019-05-04T15:52:24 ***
