Lmod has detected the following error: Swap failed: "python3/intel/3.6.3" is
not loaded.


Jupyter server is running on: gpu-43
Job starts at: Sat May  4 15:40:34 EDT 2019

Step 1 :

If you are working in NYU campus, please open an iTerm window, run command

ssh -L 7039:localhost:7039 tx506@prince.hpc.nyu.edu

If you are working off campus, you should already have ssh tunneling setup through HPC bastion host, 
that you can directly login to prince with command

ssh tx506@prince

Please open an iTerm window, run command

ssh -L 7039:localhost:7039 tx506@prince

Step 2:

Keep the iTerm windows in the previouse step open. Now open browser, find the line with

The Jupyter Notebook is running at: gpu-43

the URL is something: http://localhost:7039/?token=XXXXXXXX (see your token below)

you should be able to connect to jupyter notebook running remotly on prince compute node with above url

[I 15:40:49.595 NotebookApp] Writing notebook server cookie secret to /state/partition1/job-1037772/jupyter/notebook_cookie_secret
[I 15:40:56.984 NotebookApp] Serving notebooks from local directory: /scratch/tx506/MTBI
[I 15:40:57.002 NotebookApp] The Jupyter Notebook is running at:
[I 15:40:57.003 NotebookApp] http://localhost:7039/?token=cd632c4b762a0a286128bf585b73677e2f5e5a8f4fd51ad2
[I 15:40:57.003 NotebookApp] Use Control-C to stop this server and shut down all kernels (twice to skip confirmation).
[C 15:40:57.026 NotebookApp] 
    
    To access the notebook, open this file in a browser:
        file:///state/partition1/job-1037772/jupyter/nbserver-76699-open.html
    Or copy and paste one of these URLs:
        http://localhost:7039/?token=cd632c4b762a0a286128bf585b73677e2f5e5a8f4fd51ad2
[I 15:42:46.617 NotebookApp] 302 GET /?token=cd632c4b762a0a286128bf585b73677e2f5e5a8f4fd51ad2 (::1) 1.08ms
[W 15:42:58.957 NotebookApp] Notebook 04- ResNet 3D sub.ipynb is not trusted
[I 15:42:59.469 NotebookApp] Kernel started: 0837631c-21d0-485b-87c3-9122459592b2
[I 15:43:01.741 NotebookApp] Adapting to protocol v5.1 for kernel 0837631c-21d0-485b-87c3-9122459592b2
slurmstepd: error: *** JOB 1037772 ON gpu-43 CANCELLED AT 2019-05-04T15:43:47 ***
